#
# There is insufficient memory for the Java Runtime Environment to continue.
# Native memory allocation (malloc) failed to allocate 32744 bytes for ChunkPool::allocate
# Possible reasons:
#   The system is out of physical RAM or swap space
#   In 32 bit mode, the process size limit was hit
# Possible solutions:
#   Reduce memory load on the system
#   Increase physical memory or swap space
#   Check if swap backing store is full
#   Use 64 bit Java on a 64 bit OS
#   Decrease Java heap size (-Xmx/-Xms)
#   Decrease number of Java threads
#   Decrease Java thread stack sizes (-Xss)
#   Set larger code cache with -XX:ReservedCodeCacheSize=
# This output file may be truncated or incomplete.
#
#  Out of Memory Error (allocation.cpp:211), pid=10484, tid=11692
#
# JRE version: Java(TM) SE Runtime Environment (7.0_40-b43) (build 1.7.0_40-b43)
# Java VM: Java HotSpot(TM) 64-Bit Server VM (24.0-b56 mixed mode windows-amd64 compressed oops)
# Failed to write core dump. Minidumps are not enabled by default on client versions of Windows
#

---------------  T H R E A D  ---------------

Current thread (0x0000000009028000):  JavaThread "C2 CompilerThread1" daemon [_thread_in_native, id=11692, stack(0x0000000009380000,0x0000000009480000)]

Stack: [0x0000000009380000,0x0000000009480000]

Current CompileTask:
C2:  22889  893             com.google.gwt.dev.asm.ClassReader::accept (5485 bytes)


---------------  P R O C E S S  ---------------

Java Threads: ( => current thread )
  0x000000000b04f800 JavaThread "Code server for parkit from Mozilla/5.0 (Windows NT 6.1; WOW64) AppleWebKit/537.36 (KHTML, like Gecko) Chrome/33.0.1750.146 Safari/537.36 on http://127.0.0.1:50680/ParkIt.html?gwt.codesvr=127.0.0.1:50677 @ 0{frD3H;W]{Wzz[O" daemon [_thread_in_native, id=1256, stack(0x000000000cf20000,0x000000000d020000)]
  0x000000000b04f000 JavaThread "1808340044@qtp-1150737774-3" [_thread_blocked, id=2140, stack(0x000000000bdf0000,0x000000000bef0000)]
  0x000000000b58d000 JavaThread "Timer-0" daemon [_thread_blocked, id=8428, stack(0x000000000bcf0000,0x000000000bdf0000)]
  0x0000000009d5d800 JavaThread "2021516704@qtp-1150737774-1 - Acceptor0 SelectChannelConnector@0.0.0.0:50680" [_thread_in_native, id=4112, stack(0x000000000a840000,0x000000000a940000)]
  0x000000000ac1d000 JavaThread "1803476372@qtp-1150737774-0" [_thread_blocked, id=10364, stack(0x000000000a540000,0x000000000a640000)]
  0x0000000009aa9000 JavaThread "com.google.gwt.thirdparty.guava.common.base.internal.Finalizer" daemon [_thread_blocked, id=4484, stack(0x000000000baf0000,0x000000000bbf0000)]
  0x0000000009b26800 JavaThread "Code server listener" daemon [_thread_in_native, id=10988, stack(0x000000000a940000,0x000000000aa40000)]
  0x0000000009786000 JavaThread "UnitWriteThread" daemon [_thread_blocked, id=5928, stack(0x000000000a740000,0x000000000a840000)]
  0x00000000097ec800 JavaThread "Thread-2" daemon [_thread_blocked, id=8272, stack(0x000000000a440000,0x000000000a540000)]
  0x00000000097ec000 JavaThread "Thread-1" [_thread_in_native, id=12224, stack(0x000000000a340000,0x000000000a440000)]
  0x0000000009029800 JavaThread "Service Thread" daemon [_thread_blocked, id=1168, stack(0x0000000009480000,0x0000000009580000)]
=>0x0000000009028000 JavaThread "C2 CompilerThread1" daemon [_thread_in_native, id=11692, stack(0x0000000009380000,0x0000000009480000)]
  0x0000000009025000 JavaThread "C2 CompilerThread0" daemon [_thread_in_native, id=11552, stack(0x0000000009280000,0x0000000009380000)]
  0x00000000078e6000 JavaThread "Attach Listener" daemon [_thread_blocked, id=11064, stack(0x0000000008d80000,0x0000000008e80000)]
  0x00000000078e3000 JavaThread "Signal Dispatcher" daemon [_thread_blocked, id=2032, stack(0x0000000008c80000,0x0000000008d80000)]
  0x00000000078af800 JavaThread "Finalizer" daemon [_thread_blocked, id=10316, stack(0x0000000008b80000,0x0000000008c80000)]
  0x00000000078a5800 JavaThread "Reference Handler" daemon [_thread_blocked, id=3712, stack(0x0000000008a80000,0x0000000008b80000)]
  0x0000000002bd4000 JavaThread "main" [_thread_blocked, id=2372, stack(0x0000000002970000,0x0000000002a70000)]

Other Threads:
  0x00000000078a4000 VMThread [stack: 0x0000000008980000,0x0000000008a80000] [id=4976]
  0x0000000008f94800 WatcherThread [stack: 0x0000000009580000,0x0000000009680000] [id=864]

VM state:not at safepoint (normal execution)

VM Mutex/Monitor currently owned by a thread: None

Heap
 PSYoungGen      total 124928K, used 83432K [0x00000000f5500000, 0x0000000100000000, 0x0000000100000000)
  eden space 76800K, 45% used [0x00000000f5500000,0x00000000f777ba38,0x00000000fa000000)
  from space 48128K, 99% used [0x00000000fa000000,0x00000000fcefe708,0x00000000fcf00000)
  to   space 50176K, 0% used [0x00000000fcf00000,0x00000000fcf00000,0x0000000100000000)
 ParOldGen       total 100352K, used 49971K [0x00000000e0000000, 0x00000000e6200000, 0x00000000f5500000)
  object space 100352K, 49% used [0x00000000e0000000,0x00000000e30ccee8,0x00000000e6200000)
 PSPermGen       total 31232K, used 28744K [0x00000000dae00000, 0x00000000dcc80000, 0x00000000e0000000)
  object space 31232K, 92% used [0x00000000dae00000,0x00000000dca123a0,0x00000000dcc80000)

Card table byte_map: [0x0000000005d90000,0x0000000005ec0000] byte_map_base: 0x00000000056b9000

Polling page: 0x0000000002810000

Code Cache  [0x0000000002cd0000, 0x0000000002fa0000, 0x0000000005cd0000)
 total_blobs=1176 nmethods=820 adapters=307 free_code_cache=46397Kb largest_free_block=47408064

Compilation events (10 events):
Event: 22.255 Thread 0x0000000009028000  893             com.google.gwt.dev.asm.ClassReader::accept (5485 bytes)
Event: 22.280 Thread 0x0000000009025000  894             com.google.gwt.dev.asm.ByteVector::putUTF8 (397 bytes)
Event: 22.298 Thread 0x0000000009025000 nmethod 894 0x0000000002f77350 code [0x0000000002f774e0, 0x0000000002f77cd0]
Event: 22.400 Thread 0x0000000009025000  895             java.util.regex.Pattern$Dot::isSatisfiedBy (34 bytes)
Event: 22.401 Thread 0x0000000009025000 nmethod 895 0x0000000002e58490 code [0x0000000002e585c0, 0x0000000002e58638]
Event: 22.425 Thread 0x0000000009025000  896             java.io.File::<init> (47 bytes)
Event: 22.428 Thread 0x0000000009025000 nmethod 896 0x0000000002f76c90 code [0x0000000002f76de0, 0x0000000002f77028]
Event: 22.431 Thread 0x0000000009025000  897             com.google.gwt.dev.javac.typemodel.JClassType::areClassTypesAssignable (54 bytes)
Event: 22.487 Thread 0x0000000009025000 nmethod 897 0x0000000002f8b510 code [0x0000000002f8b900, 0x0000000002f8cf20]
Event: 22.487 Thread 0x0000000009025000  898   !         com.google.gwt.dev.javac.CompilationStateBuilder$CompileMoreLater::compile (929 bytes)

GC Heap History (10 events):
Event: 14.726 GC heap before
{Heap before GC invocations=12 (full 1):
 PSYoungGen      total 123904K, used 110272K [0x00000000f5500000, 0x0000000100000000, 0x0000000100000000)
  eden space 82944K, 100% used [0x00000000f5500000,0x00000000fa600000,0x00000000fa600000)
  from space 40960K, 66% used [0x00000000fd800000,0x00000000ff2b00e0,0x0000000100000000)
  to   space 46080K, 0% used [0x00000000fa600000,0x00000000fa600000,0x00000000fd300000)
 ParOldGen       total 100352K, used 45557K [0x00000000e0000000, 0x00000000e6200000, 0x00000000f5500000)
  object space 100352K, 45% used [0x00000000e0000000,0x00000000e2c7d640,0x00000000e6200000)
 PSPermGen       total 31232K, used 23760K [0x00000000dae00000, 0x00000000dcc80000, 0x00000000e0000000)
  object space 31232K, 76% used [0x00000000dae00000,0x00000000dc534358,0x00000000dcc80000)
Event: 14.756 GC heap after
Heap after GC invocations=12 (full 1):
 PSYoungGen      total 116736K, used 33520K [0x00000000f5500000, 0x0000000100000000, 0x0000000100000000)
  eden space 82944K, 0% used [0x00000000f5500000,0x00000000f5500000,0x00000000fa600000)
  from space 33792K, 99% used [0x00000000fa600000,0x00000000fc6bc0c0,0x00000000fc700000)
  to   space 48128K, 0% used [0x00000000fd100000,0x00000000fd100000,0x0000000100000000)
 ParOldGen       total 100352K, used 45557K [0x00000000e0000000, 0x00000000e6200000, 0x00000000f5500000)
  object space 100352K, 45% used [0x00000000e0000000,0x00000000e2c7d640,0x00000000e6200000)
 PSPermGen       total 31232K, used 23760K [0x00000000dae00000, 0x00000000dcc80000, 0x00000000e0000000)
  object space 31232K, 76% used [0x00000000dae00000,0x00000000dc534358,0x00000000dcc80000)
}
Event: 16.450 GC heap before
{Heap before GC invocations=13 (full 1):
 PSYoungGen      total 116736K, used 116464K [0x00000000f5500000, 0x0000000100000000, 0x0000000100000000)
  eden space 82944K, 100% used [0x00000000f5500000,0x00000000fa600000,0x00000000fa600000)
  from space 33792K, 99% used [0x00000000fa600000,0x00000000fc6bc0c0,0x00000000fc700000)
  to   space 48128K, 0% used [0x00000000fd100000,0x00000000fd100000,0x0000000100000000)
 ParOldGen       total 100352K, used 45557K [0x00000000e0000000, 0x00000000e6200000, 0x00000000f5500000)
  object space 100352K, 45% used [0x00000000e0000000,0x00000000e2c7d640,0x00000000e6200000)
 PSPermGen       total 31232K, used 23769K [0x00000000dae00000, 0x00000000dcc80000, 0x00000000e0000000)
  object space 31232K, 76% used [0x00000000dae00000,0x00000000dc536430,0x00000000dcc80000)
Event: 16.468 GC heap after
Heap after GC invocations=13 (full 1):
 PSYoungGen      total 129536K, used 20460K [0x00000000f5500000, 0x0000000100000000, 0x0000000100000000)
  eden space 81408K, 0% used [0x00000000f5500000,0x00000000f5500000,0x00000000fa480000)
  from space 48128K, 42% used [0x00000000fd100000,0x00000000fe4fb0d0,0x0000000100000000)
  to   space 45568K, 0% used [0x00000000fa480000,0x00000000fa480000,0x00000000fd100000)
 ParOldGen       total 100352K, used 45557K [0x00000000e0000000, 0x00000000e6200000, 0x00000000f5500000)
  object space 100352K, 45% used [0x00000000e0000000,0x00000000e2c7d640,0x00000000e6200000)
 PSPermGen       total 31232K, used 23769K [0x00000000dae00000, 0x00000000dcc80000, 0x00000000e0000000)
  object space 31232K, 76% used [0x00000000dae00000,0x00000000dc536430,0x00000000dcc80000)
}
Event: 17.774 GC heap before
{Heap before GC invocations=14 (full 1):
 PSYoungGen      total 129536K, used 101868K [0x00000000f5500000, 0x0000000100000000, 0x0000000100000000)
  eden space 81408K, 100% used [0x00000000f5500000,0x00000000fa480000,0x00000000fa480000)
  from space 48128K, 42% used [0x00000000fd100000,0x00000000fe4fb0d0,0x0000000100000000)
  to   space 45568K, 0% used [0x00000000fa480000,0x00000000fa480000,0x00000000fd100000)
 ParOldGen       total 100352K, used 45557K [0x00000000e0000000, 0x00000000e6200000, 0x00000000f5500000)
  object space 100352K, 45% used [0x00000000e0000000,0x00000000e2c7d640,0x00000000e6200000)
 PSPermGen       total 31232K, used 24115K [0x00000000dae00000, 0x00000000dcc80000, 0x00000000e0000000)
  object space 31232K, 77% used [0x00000000dae00000,0x00000000dc58cfe8,0x00000000dcc80000)
Event: 17.792 GC heap after
Heap after GC invocations=14 (full 1):
 PSYoungGen      total 100864K, used 18995K [0x00000000f5500000, 0x00000000ff980000, 0x0000000100000000)
  eden space 81408K, 0% used [0x00000000f5500000,0x00000000f5500000,0x00000000fa480000)
  from space 19456K, 97% used [0x00000000fa480000,0x00000000fb70cc28,0x00000000fb780000)
  to   space 43520K, 0% used [0x00000000fcf00000,0x00000000fcf00000,0x00000000ff980000)
 ParOldGen       total 100352K, used 45557K [0x00000000e0000000, 0x00000000e6200000, 0x00000000f5500000)
  object space 100352K, 45% used [0x00000000e0000000,0x00000000e2c7d640,0x00000000e6200000)
 PSPermGen       total 31232K, used 24115K [0x00000000dae00000, 0x00000000dcc80000, 0x00000000e0000000)
  object space 31232K, 77% used [0x00000000dae00000,0x00000000dc58cfe8,0x00000000dcc80000)
}
Event: 19.731 GC heap before
{Heap before GC invocations=15 (full 1):
 PSYoungGen      total 100864K, used 100403K [0x00000000f5500000, 0x00000000ff980000, 0x0000000100000000)
  eden space 81408K, 100% used [0x00000000f5500000,0x00000000fa480000,0x00000000fa480000)
  from space 19456K, 97% used [0x00000000fa480000,0x00000000fb70cc28,0x00000000fb780000)
  to   space 43520K, 0% used [0x00000000fcf00000,0x00000000fcf00000,0x00000000ff980000)
 ParOldGen       total 100352K, used 45557K [0x00000000e0000000, 0x00000000e6200000, 0x00000000f5500000)
  object space 100352K, 45% used [0x00000000e0000000,0x00000000e2c7d640,0x00000000e6200000)
 PSPermGen       total 31232K, used 26893K [0x00000000dae00000, 0x00000000dcc80000, 0x00000000e0000000)
  object space 31232K, 86% used [0x00000000dae00000,0x00000000dc8436a0,0x00000000dcc80000)
Event: 19.784 GC heap after
Heap after GC invocations=15 (full 1):
 PSYoungGen      total 120320K, used 38592K [0x00000000f5500000, 0x0000000100000000, 0x0000000100000000)
  eden space 76800K, 0% used [0x00000000f5500000,0x00000000f5500000,0x00000000fa000000)
  from space 43520K, 88% used [0x00000000fcf00000,0x00000000ff4b0240,0x00000000ff980000)
  to   space 48128K, 0% used [0x00000000fa000000,0x00000000fa000000,0x00000000fcf00000)
 ParOldGen       total 100352K, used 45557K [0x00000000e0000000, 0x00000000e6200000, 0x00000000f5500000)
  object space 100352K, 45% used [0x00000000e0000000,0x00000000e2c7d640,0x00000000e6200000)
 PSPermGen       total 31232K, used 26893K [0x00000000dae00000, 0x00000000dcc80000, 0x00000000e0000000)
  object space 31232K, 86% used [0x00000000dae00000,0x00000000dc8436a0,0x00000000dcc80000)
}
Event: 21.386 GC heap before
{Heap before GC invocations=16 (full 1):
 PSYoungGen      total 120320K, used 115392K [0x00000000f5500000, 0x0000000100000000, 0x0000000100000000)
  eden space 76800K, 100% used [0x00000000f5500000,0x00000000fa000000,0x00000000fa000000)
  from space 43520K, 88% used [0x00000000fcf00000,0x00000000ff4b0240,0x00000000ff980000)
  to   space 48128K, 0% used [0x00000000fa000000,0x00000000fa000000,0x00000000fcf00000)
 ParOldGen       total 100352K, used 45557K [0x00000000e0000000, 0x00000000e6200000, 0x00000000f5500000)
  object space 100352K, 45% used [0x00000000e0000000,0x00000000e2c7d640,0x00000000e6200000)
 PSPermGen       total 31232K, used 27382K [0x00000000dae00000, 0x00000000dcc80000, 0x00000000e0000000)
  object space 31232K, 87% used [0x00000000dae00000,0x00000000dc8bdaa0,0x00000000dcc80000)
Event: 21.460 GC heap after
Heap after GC invocations=16 (full 1):
 PSYoungGen      total 124928K, used 48121K [0x00000000f5500000, 0x0000000100000000, 0x0000000100000000)
  eden space 76800K, 0% used [0x00000000f5500000,0x00000000f5500000,0x00000000fa000000)
  from space 48128K, 99% used [0x00000000fa000000,0x00000000fcefe708,0x00000000fcf00000)
  to   space 50176K, 0% used [0x00000000fcf00000,0x00000000fcf00000,0x0000000100000000)
 ParOldGen       total 100352K, used 49971K [0x00000000e0000000, 0x00000000e6200000, 0x00000000f5500000)
  object space 100352K, 49% used [0x00000000e0000000,0x00000000e30ccee8,0x00000000e6200000)
 PSPermGen       total 31232K, used 27382K [0x00000000dae00000, 0x00000000dcc80000, 0x00000000e0000000)
  object space 31232K, 87% used [0x00000000dae00000,0x00000000dc8bdaa0,0x00000000dcc80000)
}

Deoptimization events (10 events):
Event: 22.486 Thread 0x000000000b04f800 Uncommon trap: reason=class_check action=maybe_recompile pc=0x0000000002ed1f20 method=java.util.Collections$UnmodifiableMap$UnmodifiableEntrySet$UnmodifiableEntry.getKey()Ljava/lang/Object; @ 4
Event: 22.486 Thread 0x000000000b04f800 Uncommon trap: reason=class_check action=maybe_recompile pc=0x0000000002ed3684 method=java.util.Collections$UnmodifiableMap$UnmodifiableEntrySet$1.hasNext()Z @ 4
Event: 22.486 Thread 0x000000000b04f800 Uncommon trap: reason=class_check action=maybe_recompile pc=0x0000000002ed2c8c method=java.util.Collections$UnmodifiableMap$UnmodifiableEntrySet$1.next()Ljava/util/Map$Entry; @ 8
Event: 22.486 Thread 0x000000000b04f800 Uncommon trap: reason=class_check action=maybe_recompile pc=0x0000000002ed3318 method=java.util.Collections$UnmodifiableMap$UnmodifiableEntrySet$UnmodifiableEntry.getValue()Ljava/lang/Object; @ 4
Event: 22.486 Thread 0x000000000b04f800 Uncommon trap: reason=class_check action=maybe_recompile pc=0x0000000002ed1f20 method=java.util.Collections$UnmodifiableMap$UnmodifiableEntrySet$UnmodifiableEntry.getKey()Ljava/lang/Object; @ 4
Event: 22.486 Thread 0x000000000b04f800 Uncommon trap: reason=class_check action=maybe_recompile pc=0x0000000002ed254c method=java.util.Collections$UnmodifiableMap$UnmodifiableEntrySet$1.next()Ljava/util/Map$Entry; @ 8
Event: 22.491 Thread 0x000000000b04f800 Uncommon trap: reason=array_check action=maybe_recompile pc=0x0000000002ef1a54 method=java.util.Arrays.fill([Ljava/lang/Object;Ljava/lang/Object;)V @ 13
Event: 22.497 Thread 0x000000000b04f800 Uncommon trap: reason=class_check action=maybe_recompile pc=0x0000000002db99b8 method=java.io.DataInputStream.readFully([BII)V @ 34
Event: 22.518 Thread 0x000000000b04f800 Uncommon trap: reason=array_check action=maybe_recompile pc=0x0000000002ef1a54 method=java.util.Arrays.fill([Ljava/lang/Object;Ljava/lang/Object;)V @ 13
Event: 22.549 Thread 0x000000000b04f800 Uncommon trap: reason=class_check action=maybe_recompile pc=0x0000000002db99b8 method=java.io.DataInputStream.readFully([BII)V @ 34

Internal exceptions (10 events):
Event: 22.843 Thread 0x000000000b04f800 Threw 0x00000000f76347a0 at C:\jdk7u2_64p\jdk7u40\hotspot\src\share\vm\prims\jvm.cpp:1244
Event: 22.847 Thread 0x000000000b04f800 Threw 0x00000000f7642790 at C:\jdk7u2_64p\jdk7u40\hotspot\src\share\vm\prims\jvm.cpp:1244
Event: 22.851 Thread 0x000000000b04f800 Threw 0x00000000f764df68 at C:\jdk7u2_64p\jdk7u40\hotspot\src\share\vm\prims\jvm.cpp:1244
Event: 22.855 Thread 0x000000000b04f800 Threw 0x00000000f7659ce0 at C:\jdk7u2_64p\jdk7u40\hotspot\src\share\vm\prims\jvm.cpp:1244
Event: 22.859 Thread 0x000000000b04f800 Threw 0x00000000f76661b0 at C:\jdk7u2_64p\jdk7u40\hotspot\src\share\vm\prims\jvm.cpp:1244
Event: 22.863 Thread 0x000000000b04f800 Threw 0x00000000f76722a0 at C:\jdk7u2_64p\jdk7u40\hotspot\src\share\vm\prims\jvm.cpp:1244
Event: 22.867 Thread 0x000000000b04f800 Threw 0x00000000f7681778 at C:\jdk7u2_64p\jdk7u40\hotspot\src\share\vm\prims\jvm.cpp:1244
Event: 22.872 Thread 0x000000000b04f800 Threw 0x00000000f768c610 at C:\jdk7u2_64p\jdk7u40\hotspot\src\share\vm\prims\jvm.cpp:1244
Event: 22.876 Thread 0x000000000b04f800 Threw 0x00000000f76998e0 at C:\jdk7u2_64p\jdk7u40\hotspot\src\share\vm\prims\jvm.cpp:1244
Event: 22.880 Thread 0x000000000b04f800 Threw 0x00000000f76a3740 at C:\jdk7u2_64p\jdk7u40\hotspot\src\share\vm\prims\jvm.cpp:1244

Events (10 events):
Event: 22.863 